[debug] [2026-03-02T14:14:07.003Z] ----------------------------------------------------------------------
[debug] [2026-03-02T14:14:07.017Z] Command:       C:\Program Files\nodejs\node.exe C:\Users\sunay\AppData\Roaming\npm\node_modules\firebase-tools\lib\bin\firebase.js init
[debug] [2026-03-02T14:14:07.018Z] CLI Version:   15.8.0
[debug] [2026-03-02T14:14:07.019Z] Platform:      win32
[debug] [2026-03-02T14:14:07.019Z] Node Version:  v24.13.0
[debug] [2026-03-02T14:14:07.019Z] Time:          Mon Mar 02 2026 19:44:07 GMT+0530 (India Standard Time)
[debug] [2026-03-02T14:14:07.020Z] ----------------------------------------------------------------------
[debug] 
[debug] [2026-03-02T14:14:07.028Z] >>> [apiv2][query] GET https://firebase-public.firebaseio.com/cli.json [none]
[info] 
     ######## #### ########  ######## ########     ###     ######  ########
     ##        ##  ##     ## ##       ##     ##  ##   ##  ##       ##
     ######    ##  ########  ######   ########  #########  ######  ######
     ##        ##  ##    ##  ##       ##     ## ##     ##       ## ##
     ##       #### ##     ## ######## ########  ##     ##  ######  ########

You're about to initialize a Firebase project in this directory:

  C:\Users\sunay\chat-board

Before we get started, keep in mind:

  * You are initializing within an existing Firebase project directory

[debug] [2026-03-02T14:14:17.808Z] <<< [apiv2][status] GET https://firebase-public.firebaseio.com/cli.json 200
[debug] [2026-03-02T14:14:17.809Z] <<< [apiv2][body] GET https://firebase-public.firebaseio.com/cli.json {"cloudBuildErrorAfter":1594252800000,"cloudBuildWarnAfter":1590019200000,"defaultNode10After":1594252800000,"minVersion":"3.0.5","node8DeploysDisabledAfter":1613390400000,"node8RuntimeDisabledAfter":1615809600000,"node8WarnAfter":1600128000000}
[debug] [2026-03-02T14:14:21.111Z] ExitPromptError: User force closed the prompt with SIGINT
    at Interface.sigint (C:\Users\sunay\AppData\Roaming\npm\node_modules\firebase-tools\node_modules\@inquirer\core\dist\commonjs\lib\create-prompt.js:101:37)
    at Interface.emit (node:events:508:28)
    at [_ttyWrite] [as _ttyWrite] (node:internal/readline/interface:1327:18)
    at ReadStream.onkeypress (node:internal/readline/interface:284:20)
    at ReadStream.emit (node:events:520:35)
    at emitKeys (node:internal/readline/utils:371:14)
    at emitKeys.next (<anonymous>)
    at ReadStream.onData (node:internal/readline/emitKeypressEvents:64:36)
    at ReadStream.emit (node:events:508:28)
    at addChunk (node:internal/streams/readable:559:12)
[error] 
[error] Error: An unexpected error has occurred.
